2018-05-14 09:14:32 -Starting BootdoApplication on PC-20170704VKZJ with PID 12668 (E:\QYTLYSK\QYTLYSK_1.0\QYTKJ_LYSK\target\classes started by Administrator in E:\QYTLYSK\QYTLYSK_1.0\QYTKJ_LYSK)
2018-05-14 09:14:32 -The following profiles are active: dev
2018-05-14 09:14:32 -HV000001: Hibernate Validator 5.3.6.Final
2018-05-14 09:14:32 -Refreshing org.springframework.boot.context.embedded.AnnotationConfigEmbeddedWebApplicationContext@ff007f5: startup date [Mon May 14 09:14:32 CST 2018]; root of context hierarchy
2018-05-14 09:14:34 -Multiple Spring Data modules found, entering strict repository configuration mode!
2018-05-14 09:14:35 -Bean 'org.springframework.transaction.annotation.ProxyTransactionManagementConfiguration' of type [org.springframework.transaction.annotation.ProxyTransactionManagementConfiguration$$EnhancerBySpringCGLIB$$26598863] is not eligible for getting processed by all BeanPostProcessors (for example: not eligible for auto-proxying)
2018-05-14 09:14:35 -Bean 'shiroConfig' of type [com.qytkj.BluetoothWaterControl.backgroundManagement.config.ShiroConfig$$EnhancerBySpringCGLIB$$e4a7c0e2] is not eligible for getting processed by all BeanPostProcessors (for example: not eligible for auto-proxying)
2018-05-14 09:14:35 -Bean 'userRealm' of type [com.qytkj.BluetoothWaterControl.backgroundManagement.shiro.UserRealm] is not eligible for getting processed by all BeanPostProcessors (for example: not eligible for auto-proxying)
2018-05-14 09:14:35 -Bean 'ehCacheManager' of type [org.apache.shiro.cache.ehcache.EhCacheManager] is not eligible for getting processed by all BeanPostProcessors (for example: not eligible for auto-proxying)
2018-05-14 09:14:35 -Cache with name 'com.qytkj.BluetoothWaterControl.backgroundManagement.shiro.UserRealm.authorizationCache' does not yet exist.  Creating now.
2018-05-14 09:14:35 -Added EhCache named [com.qytkj.BluetoothWaterControl.backgroundManagement.shiro.UserRealm.authorizationCache]
2018-05-14 09:14:35 -Bean 'sessionDAO' of type [org.apache.shiro.session.mgt.eis.MemorySessionDAO] is not eligible for getting processed by all BeanPostProcessors (for example: not eligible for auto-proxying)
2018-05-14 09:14:35 -Bean 'sessionManager' of type [org.apache.shiro.web.session.mgt.DefaultWebSessionManager] is not eligible for getting processed by all BeanPostProcessors (for example: not eligible for auto-proxying)
2018-05-14 09:14:35 -Bean 'securityManager' of type [org.apache.shiro.web.mgt.DefaultWebSecurityManager] is not eligible for getting processed by all BeanPostProcessors (for example: not eligible for auto-proxying)
2018-05-14 09:14:35 -Bean 'authorizationAttributeSourceAdvisor' of type [org.apache.shiro.spring.security.interceptor.AuthorizationAttributeSourceAdvisor] is not eligible for getting processed by all BeanPostProcessors (for example: not eligible for auto-proxying)
2018-05-14 09:14:36 -Tomcat initialized with port(s): 8080 (http)
2018-05-14 09:14:36 -Starting service [Tomcat]
2018-05-14 09:14:36 -Starting Servlet Engine: Apache Tomcat/8.5.23
2018-05-14 09:14:36 -Initializing Spring embedded WebApplicationContext
2018-05-14 09:14:36 -Root WebApplicationContext: initialization completed in 3971 ms
2018-05-14 09:14:37 -Mapping filter: 'characterEncodingFilter' to: [/*]
2018-05-14 09:14:37 -Mapping filter: 'hiddenHttpMethodFilter' to: [/*]
2018-05-14 09:14:37 -Mapping filter: 'httpPutFormContentFilter' to: [/*]
2018-05-14 09:14:37 -Mapping filter: 'requestContextFilter' to: [/*]
2018-05-14 09:14:37 -Mapping filter: 'springSecurityFilterChain' to: [/*]
2018-05-14 09:14:37 -Filter xssFilter was not registered (disabled)
2018-05-14 09:14:37 -Mapping filter: 'webStatFilter' to urls: [/*]
2018-05-14 09:14:37 -Mapping filter: 'shiroFilterFactoryBean' to: [/*]
2018-05-14 09:14:37 -Mapping servlet: 'statViewServlet' to [/druid/*]
2018-05-14 09:14:37 -Mapping servlet: 'dispatcherServlet' to [/]
2018-05-14 09:14:38 -{dataSource-1} inited
2018-05-14 09:14:40 -ProcessEngine default created
2018-05-14 09:14:41 -Using default implementation for ThreadExecutor
2018-05-14 09:14:41 -Initialized Scheduler Signaller of type: class org.quartz.core.SchedulerSignalerImpl
2018-05-14 09:14:41 -Quartz Scheduler v.2.2.1 created.
2018-05-14 09:14:41 -RAMJobStore initialized.
2018-05-14 09:14:41 -Scheduler meta-data: Quartz Scheduler (v2.2.1) 'schedulerFactoryBean' with instanceId 'NON_CLUSTERED'
  Scheduler class: 'org.quartz.core.QuartzScheduler' - running locally.
  NOT STARTED.
  Currently in standby mode.
  Number of jobs executed: 0
  Using thread pool 'org.quartz.simpl.SimpleThreadPool' - with 10 threads.
  Using job-store 'org.quartz.simpl.RAMJobStore' - which does not support persistence. and is not clustered.

2018-05-14 09:14:41 -Quartz scheduler 'schedulerFactoryBean' initialized from an externally provided properties instance.
2018-05-14 09:14:41 -Quartz scheduler version: 2.2.1
2018-05-14 09:14:41 -JobFactory set to: com.qytkj.BluetoothWaterControl.common.quartz.factory.JobFactory@3fe624d7
2018-05-14 09:14:42 -Initializing ExecutorService  'clientInboundChannelExecutor'
2018-05-14 09:14:42 -Initializing ExecutorService  'clientOutboundChannelExecutor'
2018-05-14 09:14:42 -Mapped "{[/activiti/model/{id}],methods=[DELETE]}" onto public com.qytkj.BluetoothWaterControl.common.utils.R com.qytkj.BluetoothWaterControl.activiti.controller.ModelController.remove(java.lang.String)
2018-05-14 09:14:42 -Mapped "{[/activiti/model/list],methods=[GET]}" onto com.qytkj.BluetoothWaterControl.common.utils.PageUtils com.qytkj.BluetoothWaterControl.activiti.controller.ModelController.list(int,int)
2018-05-14 09:14:42 -Mapped "{[/activiti/model/batchRemove],methods=[POST]}" onto public com.qytkj.BluetoothWaterControl.common.utils.R com.qytkj.BluetoothWaterControl.activiti.controller.ModelController.batchRemove(java.lang.String[])
2018-05-14 09:14:42 -Mapped "{[/activiti/model],methods=[GET]}" onto org.springframework.web.servlet.ModelAndView com.qytkj.BluetoothWaterControl.activiti.controller.ModelController.model()
2018-05-14 09:14:42 -Mapped "{[/activiti/model/add]}" onto public void com.qytkj.BluetoothWaterControl.activiti.controller.ModelController.newModel(javax.servlet.http.HttpServletResponse) throws java.io.UnsupportedEncodingException
2018-05-14 09:14:42 -Mapped "{[/activiti/model/{modelId}/save],methods=[PUT]}" onto public void com.qytkj.BluetoothWaterControl.activiti.controller.ModelController.saveModel(java.lang.String,java.lang.String,java.lang.String,java.lang.String,java.lang.String)
2018-05-14 09:14:42 -Mapped "{[/activiti/model/{modelId}/json],methods=[GET]}" onto public com.fasterxml.jackson.databind.node.ObjectNode com.qytkj.BluetoothWaterControl.activiti.controller.ModelController.getEditorJson(java.lang.String)
2018-05-14 09:14:42 -Mapped "{[/activiti/editor/stencilset],methods=[GET],produces=[application/json;charset=utf-8]}" onto public java.lang.String com.qytkj.BluetoothWaterControl.activiti.controller.ModelController.getStencilset()
2018-05-14 09:14:42 -Mapped "{[/activiti/model/edit/{id}],methods=[GET]}" onto public void com.qytkj.BluetoothWaterControl.activiti.controller.ModelController.edit(javax.servlet.http.HttpServletResponse,java.lang.String)
2018-05-14 09:14:42 -Mapped "{[/activiti/model/deploy/{id}],methods=[POST]}" onto public com.qytkj.BluetoothWaterControl.common.utils.R com.qytkj.BluetoothWaterControl.activiti.controller.ModelController.deploy(java.lang.String) throws java.lang.Exception
2018-05-14 09:14:42 -Mapped "{[/activiti/model/export/{id}],methods=[GET]}" onto public void com.qytkj.BluetoothWaterControl.activiti.controller.ModelController.exportToXml(java.lang.String,javax.servlet.http.HttpServletResponse)
2018-05-14 09:14:42 -Mapped "{[/activiti/process/add],methods=[GET]}" onto public org.springframework.web.servlet.ModelAndView com.qytkj.BluetoothWaterControl.activiti.controller.ProcessController.add()
2018-05-14 09:14:42 -Mapped "{[/activiti/process/remove],methods=[POST]}" onto public com.qytkj.BluetoothWaterControl.common.utils.R com.qytkj.BluetoothWaterControl.activiti.controller.ProcessController.remove(java.lang.String)
2018-05-14 09:14:42 -Mapped "{[/activiti/process/list],methods=[GET]}" onto com.qytkj.BluetoothWaterControl.common.utils.PageUtils com.qytkj.BluetoothWaterControl.activiti.controller.ProcessController.list(int,int)
2018-05-14 09:14:42 -Mapped "{[/activiti/process/batchRemove],methods=[POST]}" onto public com.qytkj.BluetoothWaterControl.common.utils.R com.qytkj.BluetoothWaterControl.activiti.controller.ProcessController.batchRemove(java.lang.String[])
2018-05-14 09:14:42 -Mapped "{[/activiti/process],methods=[GET]}" onto org.springframework.web.servlet.ModelAndView com.qytkj.BluetoothWaterControl.activiti.controller.ProcessController.process()
2018-05-14 09:14:42 -Mapped "{[/activiti/process/save],methods=[POST]}" onto public com.qytkj.BluetoothWaterControl.common.utils.R com.qytkj.BluetoothWaterControl.activiti.controller.ProcessController.deploy(java.lang.String,java.lang.String,org.springframework.web.multipart.MultipartFile)
2018-05-14 09:14:42 -Mapped "{[/activiti/process/convertToModel/{procDefId}]}" onto public com.qytkj.BluetoothWaterControl.common.utils.R com.qytkj.BluetoothWaterControl.activiti.controller.ProcessController.convertToModel(java.lang.String,org.springframework.web.servlet.mvc.support.RedirectAttributes) throws java.io.UnsupportedEncodingException,javax.xml.stream.XMLStreamException
2018-05-14 09:14:42 -Mapped "{[/activiti/process/resource/read/{xml}/{id}]}" onto public void com.qytkj.BluetoothWaterControl.activiti.controller.ProcessController.resourceRead(java.lang.String,java.lang.String,javax.servlet.http.HttpServletResponse) throws java.lang.Exception
2018-05-14 09:14:42 -Mapped "{[/act/salary/form],methods=[GET]}" onto java.lang.String com.qytkj.BluetoothWaterControl.activiti.controller.SalaryController.add()
2018-05-14 09:14:42 -Mapped "{[/act/salary/remove],methods=[POST]}" onto public com.qytkj.BluetoothWaterControl.common.utils.R com.qytkj.BluetoothWaterControl.activiti.controller.SalaryController.remove(java.lang.String)
2018-05-14 09:14:42 -Mapped "{[/act/salary/batchRemove],methods=[POST]}" onto public com.qytkj.BluetoothWaterControl.common.utils.R com.qytkj.BluetoothWaterControl.activiti.controller.SalaryController.remove(java.lang.String[])
2018-05-14 09:14:42 -Mapped "{[/act/salary/update]}" onto public com.qytkj.BluetoothWaterControl.common.utils.R com.qytkj.BluetoothWaterControl.activiti.controller.SalaryController.update(com.qytkj.BluetoothWaterControl.activiti.domain.SalaryDO)
2018-05-14 09:14:42 -Mapped "{[/act/salary/list],methods=[GET]}" onto public com.qytkj.BluetoothWaterControl.common.utils.PageUtils com.qytkj.BluetoothWaterControl.activiti.controller.SalaryController.list(java.util.Map<java.lang.String, java.lang.Object>)
2018-05-14 09:14:42 -Mapped "{[/act/salary/form/{taskId}],methods=[GET]}" onto java.lang.String com.qytkj.BluetoothWaterControl.activiti.controller.SalaryController.edit(java.lang.String,org.springframework.ui.Model)
2018-05-14 09:14:42 -Mapped "{[/act/salary],methods=[GET]}" onto java.lang.String com.qytkj.BluetoothWaterControl.activiti.controller.SalaryController.Salary()
2018-05-14 09:14:42 -Mapped "{[/act/salary/save],methods=[POST]}" onto public com.qytkj.BluetoothWaterControl.common.utils.R com.qytkj.BluetoothWaterControl.activiti.controller.SalaryController.saveOrUpdate(com.qytkj.BluetoothWaterControl.activiti.domain.SalaryDO)
2018-05-14 09:14:42 -Mapped "{[/activiti/task/form/{procDefId}/{taskId}],methods=[GET]}" onto public void com.qytkj.BluetoothWaterControl.activiti.controller.TaskController.form(java.lang.String,java.lang.String,javax.servlet.http.HttpServletResponse) throws java.io.IOException
2018-05-14 09:14:42 -Mapped "{[/activiti/task/gotoList],methods=[GET]}" onto com.qytkj.BluetoothWaterControl.common.utils.PageUtils com.qytkj.BluetoothWaterControl.activiti.controller.TaskController.list(int,int)
2018-05-14 09:14:42 -Mapped "{[/activiti/task/goto],methods=[GET]}" onto public org.springframework.web.servlet.ModelAndView com.qytkj.BluetoothWaterControl.activiti.controller.TaskController.gotoTask()
2018-05-14 09:14:42 -Mapped "{[/activiti/task/form/{procDefId}],methods=[GET]}" onto public void com.qytkj.BluetoothWaterControl.activiti.controller.TaskController.startForm(java.lang.String,javax.servlet.http.HttpServletResponse) throws java.io.IOException
2018-05-14 09:14:42 -Mapped "{[/activiti/task/todo],methods=[GET]}" onto org.springframework.web.servlet.ModelAndView com.qytkj.BluetoothWaterControl.activiti.controller.TaskController.todo()
2018-05-14 09:14:42 -Mapped "{[/activiti/task/todoList],methods=[GET]}" onto java.util.List<com.qytkj.BluetoothWaterControl.activiti.vo.TaskVO> com.qytkj.BluetoothWaterControl.activiti.controller.TaskController.todoList()
2018-05-14 09:14:42 -Mapped "{[/activiti/task/trace/photo/{procDefId}/{execId}]}" onto public void com.qytkj.BluetoothWaterControl.activiti.controller.TaskController.tracePhoto(java.lang.String,java.lang.String,javax.servlet.http.HttpServletResponse) throws java.lang.Exception
2018-05-14 09:14:42 -Mapped "{[/system/sysDept/add/{pId}],methods=[GET]}" onto java.lang.String com.qytkj.BluetoothWaterControl.backgroundManagement.controller.DeptController.add(java.lang.Long,org.springframework.ui.Model)
2018-05-14 09:14:42 -Mapped "{[/system/sysDept/remove],methods=[POST]}" onto public com.qytkj.BluetoothWaterControl.common.utils.R com.qytkj.BluetoothWaterControl.backgroundManagement.controller.DeptController.remove(java.lang.Long)
2018-05-14 09:14:42 -Mapped "{[/system/sysDept/batchRemove],methods=[POST]}" onto public com.qytkj.BluetoothWaterControl.common.utils.R com.qytkj.BluetoothWaterControl.backgroundManagement.controller.DeptController.remove(java.lang.Long[])
2018-05-14 09:14:42 -Mapped "{[/system/sysDept/update]}" onto public com.qytkj.BluetoothWaterControl.common.utils.R com.qytkj.BluetoothWaterControl.backgroundManagement.controller.DeptController.update(com.qytkj.BluetoothWaterControl.backgroundManagement.domain.DeptDO)
2018-05-14 09:14:42 -Mapped "{[/system/sysDept/list],methods=[GET]}" onto public java.util.List<com.qytkj.BluetoothWaterControl.backgroundManagement.domain.DeptDO> com.qytkj.BluetoothWaterControl.backgroundManagement.controller.DeptController.list()
2018-05-14 09:14:42 -Mapped "{[/system/sysDept/save],methods=[POST]}" onto public com.qytkj.BluetoothWaterControl.common.utils.R com.qytkj.BluetoothWaterControl.backgroundManagement.controller.DeptController.save(com.qytkj.BluetoothWaterControl.backgroundManagement.domain.DeptDO)
2018-05-14 09:14:42 -Mapped "{[/system/sysDept/tree],methods=[GET]}" onto public com.qytkj.BluetoothWaterControl.common.domain.Tree<com.qytkj.BluetoothWaterControl.backgroundManagement.domain.DeptDO> com.qytkj.BluetoothWaterControl.backgroundManagement.controller.DeptController.tree()
2018-05-14 09:14:42 -Mapped "{[/system/sysDept/edit/{deptId}],methods=[GET]}" onto java.lang.String com.qytkj.BluetoothWaterControl.backgroundManagement.controller.DeptController.edit(java.lang.Long,org.springframework.ui.Model)
2018-05-14 09:14:42 -Mapped "{[/system/sysDept],methods=[GET]}" onto java.lang.String com.qytkj.BluetoothWaterControl.backgroundManagement.controller.DeptController.dept()
2018-05-14 09:14:42 -Mapped "{[/system/sysDept/treeView],methods=[GET]}" onto java.lang.String com.qytkj.BluetoothWaterControl.backgroundManagement.controller.DeptController.treeView()
2018-05-14 09:14:42 -Mapped "{[/homePage],methods=[GET]}" onto java.lang.String com.qytkj.BluetoothWaterControl.backgroundManagement.controller.LoginController.index(org.springframework.ui.Model)
2018-05-14 09:14:42 -Mapped "{[/main],methods=[GET]}" onto java.lang.String com.qytkj.BluetoothWaterControl.backgroundManagement.controller.LoginController.main()
2018-05-14 09:14:42 -Mapped "{[/logout],methods=[GET]}" onto java.lang.String com.qytkj.BluetoothWaterControl.backgroundManagement.controller.LoginController.logout()
2018-05-14 09:14:42 -Mapped "{[/ || ],methods=[GET]}" onto java.lang.String com.qytkj.BluetoothWaterControl.backgroundManagement.controller.LoginController.welcome(org.springframework.ui.Model)
2018-05-14 09:14:42 -Mapped "{[/login],methods=[GET]}" onto java.lang.String com.qytkj.BluetoothWaterControl.backgroundManagement.controller.LoginController.login()
2018-05-14 09:14:42 -Mapped "{[/login],methods=[POST]}" onto com.qytkj.BluetoothWaterControl.common.utils.R com.qytkj.BluetoothWaterControl.backgroundManagement.controller.LoginController.ajaxLogin(java.lang.String,java.lang.String,javax.servlet.http.HttpSession)
2018-05-14 09:14:42 -Mapped "{[/sys/menu/add/{pId}],methods=[GET]}" onto java.lang.String com.qytkj.BluetoothWaterControl.backgroundManagement.controller.MenuController.add(org.springframework.ui.Model,java.lang.Long)
2018-05-14 09:14:42 -Mapped "{[/sys/menu/remove],methods=[POST]}" onto com.qytkj.BluetoothWaterControl.common.utils.R com.qytkj.BluetoothWaterControl.backgroundManagement.controller.MenuController.remove(java.lang.Long)
2018-05-14 09:14:42 -Mapped "{[/sys/menu/update],methods=[POST]}" onto com.qytkj.BluetoothWaterControl.common.utils.R com.qytkj.BluetoothWaterControl.backgroundManagement.controller.MenuController.update(com.qytkj.BluetoothWaterControl.backgroundManagement.domain.MenuDO)
2018-05-14 09:14:42 -Mapped "{[/sys/menu/list]}" onto java.util.List<com.qytkj.BluetoothWaterControl.backgroundManagement.domain.MenuDO> com.qytkj.BluetoothWaterControl.backgroundManagement.controller.MenuController.list(java.util.Map<java.lang.String, java.lang.Object>)
2018-05-14 09:14:42 -Mapped "{[/sys/menu/save],methods=[POST]}" onto com.qytkj.BluetoothWaterControl.common.utils.R com.qytkj.BluetoothWaterControl.backgroundManagement.controller.MenuController.save(com.qytkj.BluetoothWaterControl.backgroundManagement.domain.MenuDO)
2018-05-14 09:14:42 -Mapped "{[/sys/menu/tree/{roleId}],methods=[GET]}" onto com.qytkj.BluetoothWaterControl.common.domain.Tree<com.qytkj.BluetoothWaterControl.backgroundManagement.domain.MenuDO> com.qytkj.BluetoothWaterControl.backgroundManagement.controller.MenuController.tree(java.lang.Long)
2018-05-14 09:14:42 -Mapped "{[/sys/menu/tree],methods=[GET]}" onto com.qytkj.BluetoothWaterControl.common.domain.Tree<com.qytkj.BluetoothWaterControl.backgroundManagement.domain.MenuDO> com.qytkj.BluetoothWaterControl.backgroundManagement.controller.MenuController.tree()
2018-05-14 09:14:42 -Mapped "{[/sys/menu/edit/{id}],methods=[GET]}" onto java.lang.String com.qytkj.BluetoothWaterControl.backgroundManagement.controller.MenuController.edit(org.springframework.ui.Model,java.lang.Long)
2018-05-14 09:14:42 -Mapped "{[/sys/menu],methods=[GET]}" onto java.lang.String com.qytkj.BluetoothWaterControl.backgroundManagement.controller.MenuController.menu(org.springframework.ui.Model)
2018-05-14 09:14:42 -Mapped "{[/sys/role/add],methods=[GET]}" onto java.lang.String com.qytkj.BluetoothWaterControl.backgroundManagement.controller.RoleController.add()
2018-05-14 09:14:42 -Mapped "{[/sys/role/update],methods=[POST]}" onto com.qytkj.BluetoothWaterControl.common.utils.R com.qytkj.BluetoothWaterControl.backgroundManagement.controller.RoleController.update(com.qytkj.BluetoothWaterControl.backgroundManagement.domain.RoleDO)
2018-05-14 09:14:42 -Mapped "{[/sys/role/list],methods=[GET]}" onto java.util.List<com.qytkj.BluetoothWaterControl.backgroundManagement.domain.RoleDO> com.qytkj.BluetoothWaterControl.backgroundManagement.controller.RoleController.list()
2018-05-14 09:14:42 -Mapped "{[/sys/role/remove],methods=[POST]}" onto com.qytkj.BluetoothWaterControl.common.utils.R com.qytkj.BluetoothWaterControl.backgroundManagement.controller.RoleController.save(java.lang.Long)
2018-05-14 09:14:42 -Mapped "{[/sys/role/save],methods=[POST]}" onto com.qytkj.BluetoothWaterControl.common.utils.R com.qytkj.BluetoothWaterControl.backgroundManagement.controller.RoleController.save(com.qytkj.BluetoothWaterControl.backgroundManagement.domain.RoleDO)
2018-05-14 09:14:42 -Mapped "{[/sys/role/batchRemove],methods=[POST]}" onto com.qytkj.BluetoothWaterControl.common.utils.R com.qytkj.BluetoothWaterControl.backgroundManagement.controller.RoleController.batchRemove(java.lang.Long[])
2018-05-14 09:14:42 -Mapped "{[/sys/role],methods=[GET]}" onto java.lang.String com.qytkj.BluetoothWaterControl.backgroundManagement.controller.RoleController.role()
2018-05-14 09:14:42 -Mapped "{[/sys/role/edit/{id}],methods=[GET]}" onto java.lang.String com.qytkj.BluetoothWaterControl.backgroundManagement.controller.RoleController.edit(java.lang.Long,org.springframework.ui.Model)
2018-05-14 09:14:42 -Mapped "{[/sys/online/list]}" onto public java.util.List<com.qytkj.BluetoothWaterControl.backgroundManagement.domain.UserOnline> com.qytkj.BluetoothWaterControl.backgroundManagement.controller.SessionController.list()
2018-05-14 09:14:42 -Mapped "{[/sys/online],methods=[GET]}" onto public java.lang.String com.qytkj.BluetoothWaterControl.backgroundManagement.controller.SessionController.online()
2018-05-14 09:14:42 -Mapped "{[/sys/online/forceLogout/{sessionId}]}" onto public com.qytkj.BluetoothWaterControl.common.utils.R com.qytkj.BluetoothWaterControl.backgroundManagement.controller.SessionController.forceLogout(java.lang.String,org.springframework.web.servlet.mvc.support.RedirectAttributes)
2018-05-14 09:14:42 -Mapped "{[/sys/online/sessionList]}" onto public java.util.Collection<org.apache.shiro.session.Session> com.qytkj.BluetoothWaterControl.backgroundManagement.controller.SessionController.sessionList()
2018-05-14 09:14:42 -Mapped "{[/sys/user/exit],methods=[POST]}" onto boolean com.qytkj.BluetoothWaterControl.backgroundManagement.controller.UserController.exit(java.util.Map<java.lang.String, java.lang.Object>)
2018-05-14 09:14:42 -Mapped "{[/sys/user/add],methods=[GET]}" onto java.lang.String com.qytkj.BluetoothWaterControl.backgroundManagement.controller.UserController.add(org.springframework.ui.Model)
2018-05-14 09:14:42 -Mapped "{[/sys/user/remove],methods=[POST]}" onto com.qytkj.BluetoothWaterControl.common.utils.R com.qytkj.BluetoothWaterControl.backgroundManagement.controller.UserController.remove(java.lang.Long)
2018-05-14 09:14:42 -Mapped "{[/sys/user/update],methods=[POST]}" onto com.qytkj.BluetoothWaterControl.common.utils.R com.qytkj.BluetoothWaterControl.backgroundManagement.controller.UserController.update(com.qytkj.BluetoothWaterControl.backgroundManagement.domain.UserDO)
2018-05-14 09:14:42 -Mapped "{[/sys/user/list],methods=[GET]}" onto com.qytkj.BluetoothWaterControl.common.utils.PageUtils com.qytkj.BluetoothWaterControl.backgroundManagement.controller.UserController.list(java.util.Map<java.lang.String, java.lang.Object>)
2018-05-14 09:14:42 -Mapped "{[/sys/user/save],methods=[POST]}" onto com.qytkj.BluetoothWaterControl.common.utils.R com.qytkj.BluetoothWaterControl.backgroundManagement.controller.UserController.save(com.qytkj.BluetoothWaterControl.backgroundManagement.domain.UserDO)
2018-05-14 09:14:42 -Mapped "{[/sys/user/batchRemove],methods=[POST]}" onto com.qytkj.BluetoothWaterControl.common.utils.R com.qytkj.BluetoothWaterControl.backgroundManagement.controller.UserController.batchRemove(java.lang.Long[])
2018-05-14 09:14:42 -Mapped "{[/sys/user/tree],methods=[GET]}" onto public com.qytkj.BluetoothWaterControl.common.domain.Tree<com.qytkj.BluetoothWaterControl.backgroundManagement.domain.DeptDO> com.qytkj.BluetoothWaterControl.backgroundManagement.controller.UserController.tree()
2018-05-14 09:14:42 -Mapped "{[/sys/user],methods=[GET]}" onto java.lang.String com.qytkj.BluetoothWaterControl.backgroundManagement.controller.UserController.user(org.springframework.ui.Model)
2018-05-14 09:14:42 -Mapped "{[/sys/user/edit/{id}],methods=[GET]}" onto java.lang.String com.qytkj.BluetoothWaterControl.backgroundManagement.controller.UserController.edit(org.springframework.ui.Model,java.lang.Long)
2018-05-14 09:14:42 -Mapped "{[/sys/user/treeView],methods=[GET]}" onto java.lang.String com.qytkj.BluetoothWaterControl.backgroundManagement.controller.UserController.treeView()
2018-05-14 09:14:42 -Mapped "{[/sys/user/updatePeronal],methods=[POST]}" onto com.qytkj.BluetoothWaterControl.common.utils.R com.qytkj.BluetoothWaterControl.backgroundManagement.controller.UserController.updatePeronal(com.qytkj.BluetoothWaterControl.backgroundManagement.domain.UserDO)
2018-05-14 09:14:42 -Mapped "{[/sys/user/resetPwd],methods=[POST]}" onto com.qytkj.BluetoothWaterControl.common.utils.R com.qytkj.BluetoothWaterControl.backgroundManagement.controller.UserController.resetPwd(com.qytkj.BluetoothWaterControl.backgroundManagement.vo.UserVO)
2018-05-14 09:14:42 -Mapped "{[/sys/user/resetPwd/{id}],methods=[GET]}" onto java.lang.String com.qytkj.BluetoothWaterControl.backgroundManagement.controller.UserController.resetPwd(java.lang.Long,org.springframework.ui.Model)
2018-05-14 09:14:42 -Mapped "{[/sys/user/adminResetPwd],methods=[POST]}" onto com.qytkj.BluetoothWaterControl.common.utils.R com.qytkj.BluetoothWaterControl.backgroundManagement.controller.UserController.adminResetPwd(com.qytkj.BluetoothWaterControl.backgroundManagement.vo.UserVO)
2018-05-14 09:14:42 -Mapped "{[/sys/user/personal],methods=[GET]}" onto java.lang.String com.qytkj.BluetoothWaterControl.backgroundManagement.controller.UserController.personal(org.springframework.ui.Model)
2018-05-14 09:14:42 -Mapped "{[/sys/user/uploadImg],methods=[POST]}" onto com.qytkj.BluetoothWaterControl.common.utils.R com.qytkj.BluetoothWaterControl.backgroundManagement.controller.UserController.uploadImg(org.springframework.web.multipart.MultipartFile,java.lang.String,javax.servlet.http.HttpServletRequest)
2018-05-14 09:14:42 -Mapped "{[/common/dict/add],methods=[GET]}" onto java.lang.String com.qytkj.BluetoothWaterControl.common.controller.DictController.add()
2018-05-14 09:14:42 -Mapped "{[/common/dict/remove],methods=[POST]}" onto public com.qytkj.BluetoothWaterControl.common.utils.R com.qytkj.BluetoothWaterControl.common.controller.DictController.remove(java.lang.Long)
2018-05-14 09:14:42 -Mapped "{[/common/dict/batchRemove],methods=[POST]}" onto public com.qytkj.BluetoothWaterControl.common.utils.R com.qytkj.BluetoothWaterControl.common.controller.DictController.remove(java.lang.Long[])
2018-05-14 09:14:42 -Mapped "{[/common/dict/update]}" onto public com.qytkj.BluetoothWaterControl.common.utils.R com.qytkj.BluetoothWaterControl.common.controller.DictController.update(com.qytkj.BluetoothWaterControl.common.domain.DictDO)
2018-05-14 09:14:42 -Mapped "{[/common/dict/list],methods=[GET]}" onto public com.qytkj.BluetoothWaterControl.common.utils.PageUtils com.qytkj.BluetoothWaterControl.common.controller.DictController.list(java.util.Map<java.lang.String, java.lang.Object>)
2018-05-14 09:14:42 -Mapped "{[/common/dict/save],methods=[POST]}" onto public com.qytkj.BluetoothWaterControl.common.utils.R com.qytkj.BluetoothWaterControl.common.controller.DictController.save(com.qytkj.BluetoothWaterControl.common.domain.DictDO)
2018-05-14 09:14:42 -Mapped "{[/common/dict/type],methods=[GET]}" onto public java.util.List<com.qytkj.BluetoothWaterControl.common.domain.DictDO> com.qytkj.BluetoothWaterControl.common.controller.DictController.listType()
2018-05-14 09:14:42 -Mapped "{[/common/dict/edit/{id}],methods=[GET]}" onto java.lang.String com.qytkj.BluetoothWaterControl.common.controller.DictController.edit(java.lang.Long,org.springframework.ui.Model)
2018-05-14 09:14:42 -Mapped "{[/common/dict],methods=[GET]}" onto java.lang.String com.qytkj.BluetoothWaterControl.common.controller.DictController.dict()
2018-05-14 09:14:42 -Mapped "{[/common/dict/add/{type}/{description}],methods=[GET]}" onto java.lang.String com.qytkj.BluetoothWaterControl.common.controller.DictController.addD(org.springframework.ui.Model,java.lang.String,java.lang.String)
2018-05-14 09:14:42 -Mapped "{[/common/dict/list/{type}],methods=[GET]}" onto public java.util.List<com.qytkj.BluetoothWaterControl.common.domain.DictDO> com.qytkj.BluetoothWaterControl.common.controller.DictController.listByType(java.lang.String)
2018-05-14 09:14:42 -Mapped "{[/common/sysFile/add],methods=[GET]}" onto java.lang.String com.qytkj.BluetoothWaterControl.common.controller.FileController.add()
2018-05-14 09:14:42 -Mapped "{[/common/sysFile/remove],methods=[POST]}" onto public com.qytkj.BluetoothWaterControl.common.utils.R com.qytkj.BluetoothWaterControl.common.controller.FileController.remove(java.lang.Long,javax.servlet.http.HttpServletRequest)
2018-05-14 09:14:42 -Mapped "{[/common/sysFile/batchRemove],methods=[POST]}" onto public com.qytkj.BluetoothWaterControl.common.utils.R com.qytkj.BluetoothWaterControl.common.controller.FileController.remove(java.lang.Long[])
2018-05-14 09:14:42 -Mapped "{[/common/sysFile/update]}" onto public com.qytkj.BluetoothWaterControl.common.utils.R com.qytkj.BluetoothWaterControl.common.controller.FileController.update(com.qytkj.BluetoothWaterControl.common.domain.FileDO)
2018-05-14 09:14:42 -Mapped "{[/common/sysFile/list],methods=[GET]}" onto public com.qytkj.BluetoothWaterControl.common.utils.PageUtils com.qytkj.BluetoothWaterControl.common.controller.FileController.list(java.util.Map<java.lang.String, java.lang.Object>)
2018-05-14 09:14:42 -Mapped "{[/common/sysFile/save],methods=[POST]}" onto public com.qytkj.BluetoothWaterControl.common.utils.R com.qytkj.BluetoothWaterControl.common.controller.FileController.save(com.qytkj.BluetoothWaterControl.common.domain.FileDO)
2018-05-14 09:14:42 -Mapped "{[/common/sysFile/info/{id}]}" onto public com.qytkj.BluetoothWaterControl.common.utils.R com.qytkj.BluetoothWaterControl.common.controller.FileController.info(java.lang.Long)
2018-05-14 09:14:42 -Mapped "{[/common/sysFile/edit],methods=[GET]}" onto java.lang.String com.qytkj.BluetoothWaterControl.common.controller.FileController.edit(java.lang.Long,org.springframework.ui.Model)
2018-05-14 09:14:42 -Mapped "{[/common/sysFile],methods=[GET]}" onto java.lang.String com.qytkj.BluetoothWaterControl.common.controller.FileController.sysFile(org.springframework.ui.Model)
2018-05-14 09:14:42 -Mapped "{[/common/sysFile/upload],methods=[POST]}" onto com.qytkj.BluetoothWaterControl.common.utils.R com.qytkj.BluetoothWaterControl.common.controller.FileController.upload(org.springframework.web.multipart.MultipartFile,javax.servlet.http.HttpServletRequest)
2018-05-14 09:14:42 -Mapped "{[/common/generator/update],methods=[POST]}" onto com.qytkj.BluetoothWaterControl.common.utils.R com.qytkj.BluetoothWaterControl.common.controller.GeneratorController.update(java.util.Map<java.lang.String, java.lang.Object>)
2018-05-14 09:14:42 -Mapped "{[/common/generator/list],methods=[GET]}" onto java.util.List<java.util.Map<java.lang.String, java.lang.Object>> com.qytkj.BluetoothWaterControl.common.controller.GeneratorController.list()
2018-05-14 09:14:42 -Mapped "{[/common/generator/code/{tableName}]}" onto public void com.qytkj.BluetoothWaterControl.common.controller.GeneratorController.code(javax.servlet.http.HttpServletRequest,javax.servlet.http.HttpServletResponse,java.lang.String) throws java.io.IOException
2018-05-14 09:14:42 -Mapped "{[/common/generator],methods=[GET]}" onto java.lang.String com.qytkj.BluetoothWaterControl.common.controller.GeneratorController.generator()
2018-05-14 09:14:42 -Mapped "{[/common/generator/edit],methods=[GET]}" onto public java.lang.String com.qytkj.BluetoothWaterControl.common.controller.GeneratorController.edit(org.springframework.ui.Model)
2018-05-14 09:14:42 -Mapped "{[/common/generator/batchCode]}" onto public void com.qytkj.BluetoothWaterControl.common.controller.GeneratorController.batchCode(javax.servlet.http.HttpServletRequest,javax.servlet.http.HttpServletResponse,java.lang.String) throws java.io.IOException
2018-05-14 09:14:42 -Mapped "{[/common/job/add],methods=[GET]}" onto java.lang.String com.qytkj.BluetoothWaterControl.common.controller.JobController.add()
2018-05-14 09:14:42 -Mapped "{[/common/job/remove],methods=[POST]}" onto public com.qytkj.BluetoothWaterControl.common.utils.R com.qytkj.BluetoothWaterControl.common.controller.JobController.remove(java.lang.Long)
2018-05-14 09:14:42 -Mapped "{[/common/job/batchRemove],methods=[POST]}" onto public com.qytkj.BluetoothWaterControl.common.utils.R com.qytkj.BluetoothWaterControl.common.controller.JobController.remove(java.lang.Long[])
2018-05-14 09:14:42 -Mapped "{[/common/job/update],methods=[POST]}" onto public com.qytkj.BluetoothWaterControl.common.utils.R com.qytkj.BluetoothWaterControl.common.controller.JobController.update(com.qytkj.BluetoothWaterControl.common.domain.TaskDO)
2018-05-14 09:14:42 -Mapped "{[/common/job/list],methods=[GET]}" onto public com.qytkj.BluetoothWaterControl.common.utils.PageUtils com.qytkj.BluetoothWaterControl.common.controller.JobController.list(java.util.Map<java.lang.String, java.lang.Object>)
2018-05-14 09:14:42 -Mapped "{[/common/job/save],methods=[POST]}" onto public com.qytkj.BluetoothWaterControl.common.utils.R com.qytkj.BluetoothWaterControl.common.controller.JobController.save(com.qytkj.BluetoothWaterControl.common.domain.TaskDO)
2018-05-14 09:14:42 -Mapped "{[/common/job/info/{id}]}" onto public com.qytkj.BluetoothWaterControl.common.utils.R com.qytkj.BluetoothWaterControl.common.controller.JobController.info(java.lang.Long)
2018-05-14 09:14:42 -Mapped "{[/common/job/edit/{id}],methods=[GET]}" onto java.lang.String com.qytkj.BluetoothWaterControl.common.controller.JobController.edit(java.lang.Long,org.springframework.ui.Model)
2018-05-14 09:14:42 -Mapped "{[/common/job/changeJobStatus],methods=[POST]}" onto public com.qytkj.BluetoothWaterControl.common.utils.R com.qytkj.BluetoothWaterControl.common.controller.JobController.changeJobStatus(java.lang.Long,java.lang.String)
2018-05-14 09:14:42 -Mapped "{[/common/job],methods=[GET]}" onto java.lang.String com.qytkj.BluetoothWaterControl.common.controller.JobController.taskScheduleJob()
2018-05-14 09:14:42 -Mapped "{[/common/log/remove],methods=[POST]}" onto com.qytkj.BluetoothWaterControl.common.utils.R com.qytkj.BluetoothWaterControl.common.controller.LogController.remove(java.lang.Long)
2018-05-14 09:14:42 -Mapped "{[/common/log],methods=[GET]}" onto java.lang.String com.qytkj.BluetoothWaterControl.common.controller.LogController.log()
2018-05-14 09:14:42 -Mapped "{[/common/log/list],methods=[GET]}" onto com.qytkj.BluetoothWaterControl.common.domain.PageDO<com.qytkj.BluetoothWaterControl.common.domain.LogDO> com.qytkj.BluetoothWaterControl.common.controller.LogController.list(java.util.Map<java.lang.String, java.lang.Object>)
2018-05-14 09:14:42 -Mapped "{[/common/log/batchRemove],methods=[POST]}" onto com.qytkj.BluetoothWaterControl.common.utils.R com.qytkj.BluetoothWaterControl.common.controller.LogController.batchRemove(java.lang.Long[])
2018-05-14 09:14:42 -Mapped "{[/error]}" onto public com.qytkj.BluetoothWaterControl.common.utils.R com.qytkj.BluetoothWaterControl.common.exception.MainsiteErrorController.handleError(javax.servlet.http.HttpServletRequest,javax.servlet.http.HttpServletResponse)
2018-05-14 09:14:42 -Mapped "{[/error],produces=[text/html]}" onto public org.springframework.web.servlet.ModelAndView com.qytkj.BluetoothWaterControl.common.exception.MainsiteErrorController.errorHtml(javax.servlet.http.HttpServletRequest,javax.servlet.http.HttpServletResponse)
2018-05-14 09:14:42 -Mapped "{[/oa/notify/add],methods=[GET]}" onto java.lang.String com.qytkj.BluetoothWaterControl.oa.controller.NotifyController.add()
2018-05-14 09:14:42 -Mapped "{[/oa/notify/remove],methods=[POST]}" onto public com.qytkj.BluetoothWaterControl.common.utils.R com.qytkj.BluetoothWaterControl.oa.controller.NotifyController.remove(java.lang.Long)
2018-05-14 09:14:42 -Mapped "{[/oa/notify/batchRemove],methods=[POST]}" onto public com.qytkj.BluetoothWaterControl.common.utils.R com.qytkj.BluetoothWaterControl.oa.controller.NotifyController.remove(java.lang.Long[])
2018-05-14 09:14:42 -Mapped "{[/oa/notify/update]}" onto public com.qytkj.BluetoothWaterControl.common.utils.R com.qytkj.BluetoothWaterControl.oa.controller.NotifyController.update(com.qytkj.BluetoothWaterControl.oa.domain.NotifyDO)
2018-05-14 09:14:42 -Mapped "{[/oa/notify/read/{id}],methods=[GET]}" onto java.lang.String com.qytkj.BluetoothWaterControl.oa.controller.NotifyController.read(java.lang.Long,org.springframework.ui.Model)
2018-05-14 09:14:42 -Mapped "{[/oa/notify/list],methods=[GET]}" onto public com.qytkj.BluetoothWaterControl.common.utils.PageUtils com.qytkj.BluetoothWaterControl.oa.controller.NotifyController.list(java.util.Map<java.lang.String, java.lang.Object>)
2018-05-14 09:14:42 -Mapped "{[/oa/notify/save],methods=[POST]}" onto public com.qytkj.BluetoothWaterControl.common.utils.R com.qytkj.BluetoothWaterControl.oa.controller.NotifyController.save(com.qytkj.BluetoothWaterControl.oa.domain.NotifyDO)
2018-05-14 09:14:42 -Mapped "{[/oa/notify/message],methods=[GET]}" onto com.qytkj.BluetoothWaterControl.common.utils.PageUtils com.qytkj.BluetoothWaterControl.oa.controller.NotifyController.message()
2018-05-14 09:14:42 -Mapped "{[/oa/notify/selfList],methods=[GET]}" onto com.qytkj.BluetoothWaterControl.common.utils.PageUtils com.qytkj.BluetoothWaterControl.oa.controller.NotifyController.selfList(java.util.Map<java.lang.String, java.lang.Object>)
2018-05-14 09:14:42 -Mapped "{[/oa/notify/edit/{id}],methods=[GET]}" onto java.lang.String com.qytkj.BluetoothWaterControl.oa.controller.NotifyController.edit(java.lang.Long,org.springframework.ui.Model)
2018-05-14 09:14:42 -Mapped "{[/oa/notify],methods=[GET]}" onto java.lang.String com.qytkj.BluetoothWaterControl.oa.controller.NotifyController.oaNotify()
2018-05-14 09:14:42 -Mapped "{[/oa/notify/selfNotify],methods=[GET]}" onto java.lang.String com.qytkj.BluetoothWaterControl.oa.controller.NotifyController.selefNotify()
2018-05-14 09:14:42 -Mapped "{[/operUser/getAddress],methods=[GET]}" onto public java.util.Map<java.lang.String, java.lang.Object> com.qytkj.BluetoothWaterControl.operation.controller.OperUserController.getAddress()
2018-05-14 09:14:42 -Mapped "{[/operUser/getUser],methods=[POST]}" onto public java.util.Map<java.lang.String, java.lang.Object> com.qytkj.BluetoothWaterControl.operation.controller.OperUserController.getUser()
2018-05-14 09:14:42 -Mapped "{[/operUser/login],methods=[GET]}" onto public java.lang.String com.qytkj.BluetoothWaterControl.operation.controller.OperUserController.login(java.lang.String,java.lang.String,javax.servlet.http.HttpSession)
2018-05-14 09:14:42 -Mapped "{[/operUser/updatePassword],methods=[POST]}" onto public java.lang.Integer com.qytkj.BluetoothWaterControl.operation.controller.OperUserController.updatePassword(java.lang.String,java.lang.String)
2018-05-14 09:14:42 -Mapped "{[/v2/api-docs],methods=[GET],produces=[application/json || application/hal+json]}" onto public org.springframework.http.ResponseEntity<springfox.documentation.spring.web.json.Json> springfox.documentation.swagger2.web.Swagger2Controller.getDocumentation(java.lang.String,javax.servlet.http.HttpServletRequest)
2018-05-14 09:14:42 -Mapped "{[/swagger-resources/configuration/security]}" onto org.springframework.http.ResponseEntity<springfox.documentation.swagger.web.SecurityConfiguration> springfox.documentation.swagger.web.ApiResourceController.securityConfiguration()
2018-05-14 09:14:42 -Mapped "{[/swagger-resources/configuration/ui]}" onto org.springframework.http.ResponseEntity<springfox.documentation.swagger.web.UiConfiguration> springfox.documentation.swagger.web.ApiResourceController.uiConfiguration()
2018-05-14 09:14:42 -Mapped "{[/swagger-resources]}" onto org.springframework.http.ResponseEntity<java.util.List<springfox.documentation.swagger.web.SwaggerResource>> springfox.documentation.swagger.web.ApiResourceController.swaggerResources()
2018-05-14 09:14:43 -Initializing ExecutorService  'messageBrokerTaskScheduler'
2018-05-14 09:14:43 -Mapped URL path [/endpointChat/**] onto handler of type [class org.springframework.web.socket.sockjs.support.SockJsHttpRequestHandler]
2018-05-14 09:14:43 -Initializing ExecutorService  'brokerChannelExecutor'
2018-05-14 09:14:43 -Looking for @ControllerAdvice: org.springframework.boot.context.embedded.AnnotationConfigEmbeddedWebApplicationContext@ff007f5: startup date [Mon May 14 09:14:32 CST 2018]; root of context hierarchy
2018-05-14 09:14:43 -Mapped URL path [/files/**] onto handler of type [class org.springframework.web.servlet.resource.ResourceHttpRequestHandler]
2018-05-14 09:14:43 -Mapped URL path [/webjars/**] onto handler of type [class org.springframework.web.servlet.resource.ResourceHttpRequestHandler]
2018-05-14 09:14:43 -Mapped URL path [/**] onto handler of type [class org.springframework.web.servlet.resource.ResourceHttpRequestHandler]
2018-05-14 09:14:43 -Detected @ExceptionHandler methods in BDExceptionHandler
2018-05-14 09:14:43 -Mapped URL path [/**/favicon.ico] onto handler of type [class org.springframework.web.servlet.resource.ResourceHttpRequestHandler]
2018-05-14 09:14:45 -

Using default security password: 29d1395d-9b06-44fe-88e5-0e34c5a148dd

2018-05-14 09:14:45 -Creating filter chain: OrRequestMatcher [requestMatchers=[Ant [pattern='/css/**'], Ant [pattern='/js/**'], Ant [pattern='/images/**'], Ant [pattern='/webjars/**'], Ant [pattern='/**/favicon.ico'], Ant [pattern='/error']]], []
2018-05-14 09:14:45 -Creating filter chain: org.springframework.boot.autoconfigure.security.SpringBootWebSecurityConfiguration$ApplicationNoWebSecurityConfigurerAdapter$1@30539618, [org.springframework.security.web.context.request.async.WebAsyncManagerIntegrationFilter@1b906d9b, org.springframework.security.web.context.SecurityContextPersistenceFilter@20c35401, org.springframework.security.web.header.HeaderWriterFilter@573191d2, org.springframework.security.web.csrf.CsrfFilter@1fa72de7, org.springframework.security.web.authentication.logout.LogoutFilter@562a11bc, org.springframework.security.web.savedrequest.RequestCacheAwareFilter@43e0395b, org.springframework.security.web.servletapi.SecurityContextHolderAwareRequestFilter@2d5f825a, org.springframework.security.web.authentication.AnonymousAuthenticationFilter@1d3128a4, org.springframework.security.web.session.SessionManagementFilter@1be1b6b9, org.springframework.security.web.access.ExceptionTranslationFilter@4b6fa632]
2018-05-14 09:14:45 -LiveReload server is running on port 35729
2018-05-14 09:14:45 -Registering beans for JMX exposure on startup
2018-05-14 09:14:45 -Bean with name 'dataSource' has been autodetected for JMX exposure
2018-05-14 09:14:45 -Located MBean 'dataSource': registering with JMX server as MBean [com.alibaba.druid.pool:name=dataSource,type=DruidDataSource]
2018-05-14 09:14:45 -Starting beans in phase 2147483647
2018-05-14 09:14:45 -Context refreshed
2018-05-14 09:14:45 -Found 1 custom documentation plugin(s)
2018-05-14 09:14:45 -Scanning for api listing references
2018-05-14 09:14:45 -Generating unique operation named: removeUsingPOST_1
2018-05-14 09:14:46 -Generating unique operation named: addUsingGET_1
2018-05-14 09:14:46 -Generating unique operation named: editUsingGET_1
2018-05-14 09:14:46 -Generating unique operation named: listUsingGET_1
2018-05-14 09:14:46 -Generating unique operation named: removeUsingPOST_2
2018-05-14 09:14:46 -Generating unique operation named: removeUsingPOST_3
2018-05-14 09:14:46 -Generating unique operation named: saveUsingPOST_1
2018-05-14 09:14:46 -Generating unique operation named: updateUsingGET_1
2018-05-14 09:14:46 -Generating unique operation named: updateUsingHEAD_1
2018-05-14 09:14:46 -Generating unique operation named: updateUsingPOST_1
2018-05-14 09:14:46 -Generating unique operation named: updateUsingPUT_1
2018-05-14 09:14:46 -Generating unique operation named: updateUsingPATCH_1
2018-05-14 09:14:46 -Generating unique operation named: updateUsingDELETE_1
2018-05-14 09:14:46 -Generating unique operation named: updateUsingOPTIONS_1
2018-05-14 09:14:46 -Generating unique operation named: updateUsingTRACE_1
2018-05-14 09:14:46 -Generating unique operation named: addUsingGET_2
2018-05-14 09:14:46 -Generating unique operation named: editUsingGET_2
2018-05-14 09:14:46 -Generating unique operation named: listUsingGET_2
2018-05-14 09:14:46 -Generating unique operation named: removeUsingPOST_4
2018-05-14 09:14:46 -Generating unique operation named: removeUsingPOST_5
2018-05-14 09:14:46 -Generating unique operation named: saveUsingPOST_2
2018-05-14 09:14:46 -Generating unique operation named: updateUsingGET_2
2018-05-14 09:14:46 -Generating unique operation named: updateUsingHEAD_2
2018-05-14 09:14:46 -Generating unique operation named: updateUsingPOST_2
2018-05-14 09:14:46 -Generating unique operation named: updateUsingPUT_2
2018-05-14 09:14:46 -Generating unique operation named: updateUsingPATCH_2
2018-05-14 09:14:46 -Generating unique operation named: updateUsingDELETE_2
2018-05-14 09:14:46 -Generating unique operation named: updateUsingOPTIONS_2
2018-05-14 09:14:46 -Generating unique operation named: updateUsingTRACE_2
2018-05-14 09:14:46 -Generating unique operation named: editUsingGET_3
2018-05-14 09:14:46 -Generating unique operation named: listUsingGET_3
2018-05-14 09:14:46 -Generating unique operation named: updateUsingPOST_3
2018-05-14 09:14:46 -Generating unique operation named: addUsingGET_3
2018-05-14 09:14:46 -Generating unique operation named: editUsingGET_4
2018-05-14 09:14:46 -Generating unique operation named: infoUsingGET_1
2018-05-14 09:14:46 -Generating unique operation named: infoUsingHEAD_1
2018-05-14 09:14:46 -Generating unique operation named: infoUsingPOST_1
2018-05-14 09:14:46 -Generating unique operation named: infoUsingPUT_1
2018-05-14 09:14:46 -Generating unique operation named: infoUsingPATCH_1
2018-05-14 09:14:46 -Generating unique operation named: infoUsingDELETE_1
2018-05-14 09:14:46 -Generating unique operation named: infoUsingOPTIONS_1
2018-05-14 09:14:46 -Generating unique operation named: infoUsingTRACE_1
2018-05-14 09:14:46 -Generating unique operation named: listUsingGET_4
2018-05-14 09:14:46 -Generating unique operation named: removeUsingPOST_6
2018-05-14 09:14:46 -Generating unique operation named: removeUsingPOST_7
2018-05-14 09:14:46 -Generating unique operation named: saveUsingPOST_3
2018-05-14 09:14:46 -Generating unique operation named: updateUsingPOST_4
2018-05-14 09:14:46 -Generating unique operation named: listUsingGET_5
2018-05-14 09:14:46 -Generating unique operation named: removeUsingPOST_8
2018-05-14 09:14:46 -Generating unique operation named: welcomeUsingGET_1
2018-05-14 09:14:46 -Generating unique operation named: addUsingGET_4
2018-05-14 09:14:46 -Generating unique operation named: editUsingGET_5
2018-05-14 09:14:46 -Generating unique operation named: listUsingGET_6
2018-05-14 09:14:46 -Generating unique operation named: removeUsingPOST_9
2018-05-14 09:14:46 -Generating unique operation named: saveUsingPOST_4
2018-05-14 09:14:46 -Generating unique operation named: treeUsingGET_1
2018-05-14 09:14:46 -Generating unique operation named: treeUsingGET_2
2018-05-14 09:14:46 -Generating unique operation named: updateUsingPOST_5
2018-05-14 09:14:46 -Generating unique operation named: batchRemoveUsingPOST_1
2018-05-14 09:14:46 -Generating unique operation named: editUsingGET_6
2018-05-14 09:14:46 -Generating unique operation named: listUsingGET_7
2018-05-14 09:14:46 -Generating unique operation named: addUsingGET_5
2018-05-14 09:14:46 -Generating unique operation named: editUsingGET_7
2018-05-14 09:14:46 -Generating unique operation named: listUsingGET_8
2018-05-14 09:14:46 -Generating unique operation named: removeUsingPOST_10
2018-05-14 09:14:46 -Generating unique operation named: removeUsingPOST_11
2018-05-14 09:14:46 -Generating unique operation named: saveUsingPOST_5
2018-05-14 09:14:46 -Generating unique operation named: updateUsingGET_3
2018-05-14 09:14:46 -Generating unique operation named: updateUsingHEAD_3
2018-05-14 09:14:46 -Generating unique operation named: updateUsingPOST_6
2018-05-14 09:14:46 -Generating unique operation named: updateUsingPUT_3
2018-05-14 09:14:46 -Generating unique operation named: updateUsingPATCH_3
2018-05-14 09:14:46 -Generating unique operation named: updateUsingDELETE_3
2018-05-14 09:14:46 -Generating unique operation named: updateUsingOPTIONS_3
2018-05-14 09:14:46 -Generating unique operation named: updateUsingTRACE_3
2018-05-14 09:14:46 -Generating unique operation named: loginUsingGET_1
2018-05-14 09:14:46 -Generating unique operation named: addUsingGET_6
2018-05-14 09:14:46 -Generating unique operation named: batchRemoveUsingPOST_2
2018-05-14 09:14:46 -Generating unique operation named: deployUsingPOST_1
2018-05-14 09:14:46 -Generating unique operation named: listUsingGET_9
2018-05-14 09:14:46 -Generating unique operation named: removeUsingPOST_12
2018-05-14 09:14:46 -Generating unique operation named: addUsingGET_7
2018-05-14 09:14:46 -Generating unique operation named: batchRemoveUsingPOST_3
2018-05-14 09:14:46 -Generating unique operation named: editUsingGET_8
2018-05-14 09:14:46 -Generating unique operation named: listUsingGET_10
2018-05-14 09:14:46 -Generating unique operation named: saveUsingPOST_6
2018-05-14 09:14:46 -Generating unique operation named: saveUsingPOST_7
2018-05-14 09:14:46 -Generating unique operation named: updateUsingPOST_7
2018-05-14 09:14:46 -Generating unique operation named: addUsingGET_8
2018-05-14 09:14:46 -Generating unique operation named: editUsingGET_9
2018-05-14 09:14:46 -Generating unique operation named: listUsingGET_11
2018-05-14 09:14:46 -Generating unique operation named: removeUsingPOST_13
2018-05-14 09:14:46 -Generating unique operation named: removeUsingPOST_14
2018-05-14 09:14:46 -Generating unique operation named: updateUsingGET_4
2018-05-14 09:14:46 -Generating unique operation named: updateUsingHEAD_4
2018-05-14 09:14:46 -Generating unique operation named: updateUsingPOST_8
2018-05-14 09:14:46 -Generating unique operation named: updateUsingPUT_4
2018-05-14 09:14:46 -Generating unique operation named: updateUsingPATCH_4
2018-05-14 09:14:46 -Generating unique operation named: updateUsingDELETE_4
2018-05-14 09:14:46 -Generating unique operation named: updateUsingOPTIONS_4
2018-05-14 09:14:46 -Generating unique operation named: updateUsingTRACE_4
2018-05-14 09:14:46 -Generating unique operation named: listUsingGET_12
2018-05-14 09:14:46 -Generating unique operation named: listUsingHEAD_1
2018-05-14 09:14:46 -Generating unique operation named: listUsingPOST_1
2018-05-14 09:14:46 -Generating unique operation named: listUsingPUT_1
2018-05-14 09:14:46 -Generating unique operation named: listUsingPATCH_1
2018-05-14 09:14:46 -Generating unique operation named: listUsingDELETE_1
2018-05-14 09:14:46 -Generating unique operation named: listUsingOPTIONS_1
2018-05-14 09:14:46 -Generating unique operation named: listUsingTRACE_1
2018-05-14 09:14:46 -Generating unique operation named: listUsingGET_13
2018-05-14 09:14:46 -Generating unique operation named: addUsingGET_9
2018-05-14 09:14:46 -Generating unique operation named: batchRemoveUsingPOST_4
2018-05-14 09:14:46 -Generating unique operation named: editUsingGET_10
2018-05-14 09:14:46 -Generating unique operation named: listUsingGET_14
2018-05-14 09:14:46 -Generating unique operation named: removeUsingPOST_15
2018-05-14 09:14:46 -Generating unique operation named: saveUsingPOST_8
2018-05-14 09:14:46 -Generating unique operation named: treeUsingGET_3
2018-05-14 09:14:46 -Generating unique operation named: treeViewUsingGET_1
2018-05-14 09:14:46 -Generating unique operation named: updateUsingPOST_9
2018-05-14 09:14:46 -Starting Quartz Scheduler now
2018-05-14 09:14:46 -Scheduler schedulerFactoryBean_$_NON_CLUSTERED started.
2018-05-14 09:14:46 -Starting...
2018-05-14 09:14:46 -BrokerAvailabilityEvent[available=true, SimpleBrokerMessageHandler [DefaultSubscriptionRegistry[cache[0 destination(s)], registry[0 sessions]]]]
2018-05-14 09:14:46 -Started.
2018-05-14 09:14:46 -Initializing ProtocolHandler ["http-nio-8080"]
2018-05-14 09:14:46 -Starting ProtocolHandler ["http-nio-8080"]
2018-05-14 09:14:46 -Using a shared selector for servlet write/read
2018-05-14 09:14:46 -Tomcat started on port(s): 8080 (http)
2018-05-14 09:14:47 -Started BootdoApplication in 15.177 seconds (JVM running for 17.916)
2018-05-14 09:14:53 -Initializing Spring FrameworkServlet 'dispatcherServlet'
2018-05-14 09:14:53 -FrameworkServlet 'dispatcherServlet': initialization started
2018-05-14 09:14:53 -FrameworkServlet 'dispatcherServlet': initialization completed in 33 ms
2018-05-14 09:14:53 -Enabling session validation scheduler...
2018-05-14 09:14:53 -[THYMELEAF] INITIALIZING TEMPLATE ENGINE
2018-05-14 09:14:54 -[THYMELEAF] INITIALIZING TEMPLATE RESOLVER: org.thymeleaf.spring4.templateresolver.SpringResourceTemplateResolver
2018-05-14 09:14:54 -[THYMELEAF] TEMPLATE RESOLVER INITIALIZED OK
2018-05-14 09:14:54 -[THYMELEAF] INITIALIZING MESSAGE RESOLVER: org.thymeleaf.spring4.messageresolver.SpringMessageResolver
2018-05-14 09:14:54 -[THYMELEAF] MESSAGE RESOLVER INITIALIZED OK
2018-05-14 09:14:54 -[THYMELEAF] TEMPLATE ENGINE CONFIGURATION:
[THYMELEAF] * Cache Factory implementation: org.thymeleaf.cache.StandardCacheManager
[THYMELEAF] * Template modes:
[THYMELEAF]     * VALIDXHTML
[THYMELEAF]     * LEGACYHTML5
[THYMELEAF]     * HTML5
[THYMELEAF]     * VALIDXML
[THYMELEAF]     * XML
[THYMELEAF]     * XHTML
[THYMELEAF] * Template resolvers (in order):
[THYMELEAF]     * org.thymeleaf.spring4.templateresolver.SpringResourceTemplateResolver
[THYMELEAF] * Message resolvers (in order):
[THYMELEAF]     * org.thymeleaf.spring4.messageresolver.SpringMessageResolver
[THYMELEAF] * Dialect [1 of 3]: org.thymeleaf.spring4.dialect.SpringStandardDialect
[THYMELEAF]     * Prefix: "th"
[THYMELEAF] * Dialect [2 of 3]: at.pollux.thymeleaf.shiro.dialect.ShiroDialect
[THYMELEAF]     * Prefix: "shiro"
[THYMELEAF] * Dialect [3 of 3]: nz.net.ultraq.thymeleaf.LayoutDialect
[THYMELEAF]     * Prefix: "layout"
[THYMELEAF] TEMPLATE ENGINE CONFIGURED OK
2018-05-14 09:14:54 -[THYMELEAF] TEMPLATE ENGINE INITIALIZED
2018-05-14 09:15:01 -More than one TaskExecutor bean found within the context, and none is named 'taskExecutor'. Mark one of them as primary or name it 'taskExecutor' (possibly as an alias) in order to use it for async processing: [clientInboundChannelExecutor, clientOutboundChannelExecutor, brokerChannelExecutor, messageBrokerTaskScheduler]
2018-05-14 09:15:43 -WebSocketSession[0 current WS(0)-HttpStream(0)-HttpPoll(0), 0 total, 0 closed abnormally (0 connect failure, 0 send limit, 0 transport error)], stompSubProtocol[processed CONNECT(0)-CONNECTED(0)-DISCONNECT(0)], stompBrokerRelay[null], inboundChannel[pool size = 0, active threads = 0, queued tasks = 0, completed tasks = 0], outboundChannelpool size = 0, active threads = 0, queued tasks = 0, completed tasks = 0], sockJsScheduler[pool size = 1, active threads = 1, queued tasks = 0, completed tasks = 0]
2018-05-14 09:45:44 -WebSocketSession[0 current WS(0)-HttpStream(0)-HttpPoll(0), 0 total, 0 closed abnormally (0 connect failure, 0 send limit, 0 transport error)], stompSubProtocol[processed CONNECT(0)-CONNECTED(0)-DISCONNECT(0)], stompBrokerRelay[null], inboundChannel[pool size = 0, active threads = 0, queued tasks = 0, completed tasks = 0], outboundChannelpool size = 0, active threads = 0, queued tasks = 0, completed tasks = 0], sockJsScheduler[pool size = 2, active threads = 1, queued tasks = 0, completed tasks = 1]
2018-05-14 10:14:57 -Validating all active sessions...
2018-05-14 10:14:57 -Finished session validation.  No sessions were stopped.
2018-05-14 10:15:46 -WebSocketSession[0 current WS(0)-HttpStream(0)-HttpPoll(0), 0 total, 0 closed abnormally (0 connect failure, 0 send limit, 0 transport error)], stompSubProtocol[processed CONNECT(0)-CONNECTED(0)-DISCONNECT(0)], stompBrokerRelay[null], inboundChannel[pool size = 0, active threads = 0, queued tasks = 0, completed tasks = 0], outboundChannelpool size = 0, active threads = 0, queued tasks = 0, completed tasks = 0], sockJsScheduler[pool size = 3, active threads = 1, queued tasks = 0, completed tasks = 2]
2018-05-14 10:45:48 -WebSocketSession[0 current WS(0)-HttpStream(0)-HttpPoll(0), 0 total, 0 closed abnormally (0 connect failure, 0 send limit, 0 transport error)], stompSubProtocol[processed CONNECT(0)-CONNECTED(0)-DISCONNECT(0)], stompBrokerRelay[null], inboundChannel[pool size = 0, active threads = 0, queued tasks = 0, completed tasks = 0], outboundChannelpool size = 0, active threads = 0, queued tasks = 0, completed tasks = 0], sockJsScheduler[pool size = 4, active threads = 1, queued tasks = 0, completed tasks = 3]
2018-05-14 11:15:00 -Validating all active sessions...
2018-05-14 11:15:00 -Finished session validation.  [1] sessions were stopped.
2018-05-14 11:15:49 -WebSocketSession[0 current WS(0)-HttpStream(0)-HttpPoll(0), 0 total, 0 closed abnormally (0 connect failure, 0 send limit, 0 transport error)], stompSubProtocol[processed CONNECT(0)-CONNECTED(0)-DISCONNECT(0)], stompBrokerRelay[null], inboundChannel[pool size = 0, active threads = 0, queued tasks = 0, completed tasks = 0], outboundChannelpool size = 0, active threads = 0, queued tasks = 0, completed tasks = 0], sockJsScheduler[pool size = 4, active threads = 1, queued tasks = 0, completed tasks = 4]
2018-05-14 11:45:51 -WebSocketSession[0 current WS(0)-HttpStream(0)-HttpPoll(0), 0 total, 0 closed abnormally (0 connect failure, 0 send limit, 0 transport error)], stompSubProtocol[processed CONNECT(0)-CONNECTED(0)-DISCONNECT(0)], stompBrokerRelay[null], inboundChannel[pool size = 0, active threads = 0, queued tasks = 0, completed tasks = 0], outboundChannelpool size = 0, active threads = 0, queued tasks = 0, completed tasks = 0], sockJsScheduler[pool size = 4, active threads = 1, queued tasks = 0, completed tasks = 5]
2018-05-14 12:15:03 -Validating all active sessions...
2018-05-14 12:15:03 -Finished session validation.  No sessions were stopped.
2018-05-14 12:15:52 -WebSocketSession[0 current WS(0)-HttpStream(0)-HttpPoll(0), 0 total, 0 closed abnormally (0 connect failure, 0 send limit, 0 transport error)], stompSubProtocol[processed CONNECT(0)-CONNECTED(0)-DISCONNECT(0)], stompBrokerRelay[null], inboundChannel[pool size = 0, active threads = 0, queued tasks = 0, completed tasks = 0], outboundChannelpool size = 0, active threads = 0, queued tasks = 0, completed tasks = 0], sockJsScheduler[pool size = 4, active threads = 1, queued tasks = 0, completed tasks = 6]
2018-05-14 13:33:42 -Validating all active sessions...
2018-05-14 13:33:42 -Finished session validation.  No sessions were stopped.
2018-05-14 13:33:42 -WebSocketSession[0 current WS(0)-HttpStream(0)-HttpPoll(0), 0 total, 0 closed abnormally (0 connect failure, 0 send limit, 0 transport error)], stompSubProtocol[processed CONNECT(0)-CONNECTED(0)-DISCONNECT(0)], stompBrokerRelay[null], inboundChannel[pool size = 0, active threads = 0, queued tasks = 0, completed tasks = 0], outboundChannelpool size = 0, active threads = 0, queued tasks = 0, completed tasks = 0], sockJsScheduler[pool size = 4, active threads = 1, queued tasks = 0, completed tasks = 7]
2018-05-14 13:33:42 -WebSocketSession[0 current WS(0)-HttpStream(0)-HttpPoll(0), 0 total, 0 closed abnormally (0 connect failure, 0 send limit, 0 transport error)], stompSubProtocol[processed CONNECT(0)-CONNECTED(0)-DISCONNECT(0)], stompBrokerRelay[null], inboundChannel[pool size = 0, active threads = 0, queued tasks = 0, completed tasks = 0], outboundChannelpool size = 0, active threads = 0, queued tasks = 0, completed tasks = 0], sockJsScheduler[pool size = 4, active threads = 1, queued tasks = 0, completed tasks = 8]
2018-05-14 13:45:54 -WebSocketSession[0 current WS(0)-HttpStream(0)-HttpPoll(0), 0 total, 0 closed abnormally (0 connect failure, 0 send limit, 0 transport error)], stompSubProtocol[processed CONNECT(0)-CONNECTED(0)-DISCONNECT(0)], stompBrokerRelay[null], inboundChannel[pool size = 0, active threads = 0, queued tasks = 0, completed tasks = 0], outboundChannelpool size = 0, active threads = 0, queued tasks = 0, completed tasks = 0], sockJsScheduler[pool size = 4, active threads = 1, queued tasks = 0, completed tasks = 9]
2018-05-14 14:15:06 -Validating all active sessions...
2018-05-14 14:15:06 -Finished session validation.  No sessions were stopped.
2018-05-14 14:15:55 -WebSocketSession[0 current WS(0)-HttpStream(0)-HttpPoll(0), 0 total, 0 closed abnormally (0 connect failure, 0 send limit, 0 transport error)], stompSubProtocol[processed CONNECT(0)-CONNECTED(0)-DISCONNECT(0)], stompBrokerRelay[null], inboundChannel[pool size = 0, active threads = 0, queued tasks = 0, completed tasks = 0], outboundChannelpool size = 0, active threads = 0, queued tasks = 0, completed tasks = 0], sockJsScheduler[pool size = 4, active threads = 1, queued tasks = 0, completed tasks = 10]
2018-05-14 14:45:57 -WebSocketSession[0 current WS(0)-HttpStream(0)-HttpPoll(0), 0 total, 0 closed abnormally (0 connect failure, 0 send limit, 0 transport error)], stompSubProtocol[processed CONNECT(0)-CONNECTED(0)-DISCONNECT(0)], stompBrokerRelay[null], inboundChannel[pool size = 0, active threads = 0, queued tasks = 0, completed tasks = 0], outboundChannelpool size = 0, active threads = 0, queued tasks = 0, completed tasks = 0], sockJsScheduler[pool size = 4, active threads = 1, queued tasks = 0, completed tasks = 11]
2018-05-14 15:15:09 -Validating all active sessions...
2018-05-14 15:15:09 -Finished session validation.  No sessions were stopped.
2018-05-14 15:15:58 -WebSocketSession[0 current WS(0)-HttpStream(0)-HttpPoll(0), 0 total, 0 closed abnormally (0 connect failure, 0 send limit, 0 transport error)], stompSubProtocol[processed CONNECT(0)-CONNECTED(0)-DISCONNECT(0)], stompBrokerRelay[null], inboundChannel[pool size = 0, active threads = 0, queued tasks = 0, completed tasks = 0], outboundChannelpool size = 0, active threads = 0, queued tasks = 0, completed tasks = 0], sockJsScheduler[pool size = 4, active threads = 1, queued tasks = 0, completed tasks = 12]
2018-05-14 15:46:00 -WebSocketSession[0 current WS(0)-HttpStream(0)-HttpPoll(0), 0 total, 0 closed abnormally (0 connect failure, 0 send limit, 0 transport error)], stompSubProtocol[processed CONNECT(0)-CONNECTED(0)-DISCONNECT(0)], stompBrokerRelay[null], inboundChannel[pool size = 0, active threads = 0, queued tasks = 0, completed tasks = 0], outboundChannelpool size = 0, active threads = 0, queued tasks = 0, completed tasks = 0], sockJsScheduler[pool size = 4, active threads = 1, queued tasks = 0, completed tasks = 13]
2018-05-14 16:15:12 -Validating all active sessions...
2018-05-14 16:15:12 -Finished session validation.  No sessions were stopped.
2018-05-14 16:16:02 -WebSocketSession[0 current WS(0)-HttpStream(0)-HttpPoll(0), 0 total, 0 closed abnormally (0 connect failure, 0 send limit, 0 transport error)], stompSubProtocol[processed CONNECT(0)-CONNECTED(0)-DISCONNECT(0)], stompBrokerRelay[null], inboundChannel[pool size = 0, active threads = 0, queued tasks = 0, completed tasks = 0], outboundChannelpool size = 0, active threads = 0, queued tasks = 0, completed tasks = 0], sockJsScheduler[pool size = 4, active threads = 1, queued tasks = 0, completed tasks = 14]
2018-05-14 16:46:03 -WebSocketSession[0 current WS(0)-HttpStream(0)-HttpPoll(0), 0 total, 0 closed abnormally (0 connect failure, 0 send limit, 0 transport error)], stompSubProtocol[processed CONNECT(0)-CONNECTED(0)-DISCONNECT(0)], stompBrokerRelay[null], inboundChannel[pool size = 0, active threads = 0, queued tasks = 0, completed tasks = 0], outboundChannelpool size = 0, active threads = 0, queued tasks = 0, completed tasks = 0], sockJsScheduler[pool size = 4, active threads = 1, queued tasks = 0, completed tasks = 15]
2018-05-14 17:15:15 -Validating all active sessions...
2018-05-14 17:15:15 -Finished session validation.  No sessions were stopped.
2018-05-14 17:16:05 -WebSocketSession[0 current WS(0)-HttpStream(0)-HttpPoll(0), 0 total, 0 closed abnormally (0 connect failure, 0 send limit, 0 transport error)], stompSubProtocol[processed CONNECT(0)-CONNECTED(0)-DISCONNECT(0)], stompBrokerRelay[null], inboundChannel[pool size = 0, active threads = 0, queued tasks = 0, completed tasks = 0], outboundChannelpool size = 0, active threads = 0, queued tasks = 0, completed tasks = 0], sockJsScheduler[pool size = 4, active threads = 1, queued tasks = 0, completed tasks = 16]
2018-05-14 17:46:06 -WebSocketSession[0 current WS(0)-HttpStream(0)-HttpPoll(0), 0 total, 0 closed abnormally (0 connect failure, 0 send limit, 0 transport error)], stompSubProtocol[processed CONNECT(0)-CONNECTED(0)-DISCONNECT(0)], stompBrokerRelay[null], inboundChannel[pool size = 0, active threads = 0, queued tasks = 0, completed tasks = 0], outboundChannelpool size = 0, active threads = 0, queued tasks = 0, completed tasks = 0], sockJsScheduler[pool size = 4, active threads = 1, queued tasks = 0, completed tasks = 17]
2018-05-14 18:15:18 -Validating all active sessions...
2018-05-14 18:15:18 -Finished session validation.  No sessions were stopped.
2018-05-14 18:16:08 -WebSocketSession[0 current WS(0)-HttpStream(0)-HttpPoll(0), 0 total, 0 closed abnormally (0 connect failure, 0 send limit, 0 transport error)], stompSubProtocol[processed CONNECT(0)-CONNECTED(0)-DISCONNECT(0)], stompBrokerRelay[null], inboundChannel[pool size = 0, active threads = 0, queued tasks = 0, completed tasks = 0], outboundChannelpool size = 0, active threads = 0, queued tasks = 0, completed tasks = 0], sockJsScheduler[pool size = 4, active threads = 1, queued tasks = 0, completed tasks = 18]
2018-05-14 18:46:09 -WebSocketSession[0 current WS(0)-HttpStream(0)-HttpPoll(0), 0 total, 0 closed abnormally (0 connect failure, 0 send limit, 0 transport error)], stompSubProtocol[processed CONNECT(0)-CONNECTED(0)-DISCONNECT(0)], stompBrokerRelay[null], inboundChannel[pool size = 0, active threads = 0, queued tasks = 0, completed tasks = 0], outboundChannelpool size = 0, active threads = 0, queued tasks = 0, completed tasks = 0], sockJsScheduler[pool size = 4, active threads = 1, queued tasks = 0, completed tasks = 19]
2018-05-14 18:46:24 -Application shutdown requested.
2018-05-14 18:46:24 -Closing org.springframework.boot.context.embedded.AnnotationConfigEmbeddedWebApplicationContext@ff007f5: startup date [Mon May 14 09:14:32 CST 2018]; root of context hierarchy
2018-05-14 18:46:24 -Stopping beans in phase 2147483647
2018-05-14 18:46:24 -Scheduler schedulerFactoryBean_$_NON_CLUSTERED paused.
2018-05-14 18:46:24 -Stopping...
2018-05-14 18:46:24 -BrokerAvailabilityEvent[available=false, SimpleBrokerMessageHandler [DefaultSubscriptionRegistry[cache[0 destination(s)], registry[0 sessions]]]]
2018-05-14 18:46:24 -Stopped.
2018-05-14 18:46:24 -Unregistering JMX-exposed beans on shutdown
2018-05-14 18:46:24 -Unregistering JMX-exposed beans
2018-05-14 18:46:24 -Shutting down ExecutorService 'brokerChannelExecutor'
2018-05-14 18:46:24 -Shutting down ExecutorService 'messageBrokerTaskScheduler'
2018-05-14 18:46:24 -Shutting down ExecutorService 'clientOutboundChannelExecutor'
2018-05-14 18:46:24 -Shutting down ExecutorService 'clientInboundChannelExecutor'
2018-05-14 18:46:24 -Scheduler schedulerFactoryBean_$_NON_CLUSTERED shutting down.
2018-05-14 18:46:24 -Scheduler schedulerFactoryBean_$_NON_CLUSTERED paused.
2018-05-14 18:46:24 -Scheduler schedulerFactoryBean_$_NON_CLUSTERED shutdown complete.
2018-05-14 18:46:24 -Shutting down Quartz Scheduler
2018-05-14 18:46:24 -{dataSource-1} closed
2018-05-14 18:46:24 -Disabled session validation scheduler.
